<?xml version="1.0" encoding="UTF-8"?>
<testsuite name="com.bridgelabz.UserRegistrationTest" tests="1" skipped="0" failures="0" errors="0" timestamp="2021-03-29T06:03:40" hostname="LAPTOP-FPFKM2LM" time="0.043">
  <properties/>
  <testcase name="givenPassword_WhenPasswordHaveMinimum8CharactersandDoNotHaveUpperCaseAndHaveAtLeast1DigitAndHave1SpecialCharacter_ShouldReturn_False()" classname="com.bridgelabz.UserRegistrationTest" time="0.043"/>
  <system-out><![CDATA[]]></system-out>
  <system-err><![CDATA[]]></system-err>
</testsuite>
