<?xml version="1.0" encoding="UTF-8"?>
<testsuite name="com.bridgelabz.UserRegistrationTest" tests="1" skipped="0" failures="0" errors="0" timestamp="2021-03-20T11:14:39" hostname="LAPTOP-FPFKM2LM" time="0.026">
  <properties/>
  <testcase name="givenEmail_WhenEmailContainOnlyOneLetterAfterDot_ShouldReturn_False()" classname="com.bridgelabz.UserRegistrationTest" time="0.026"/>
  <system-out><![CDATA[]]></system-out>
  <system-err><![CDATA[]]></system-err>
</testsuite>
