<?xml version="1.0" encoding="UTF-8"?>
<testsuite name="com.bridgelabz.UserRegistrationTest" tests="1" skipped="0" failures="0" errors="0" timestamp="2021-03-19T18:33:46" hostname="LAPTOP-FPFKM2LM" time="0.037">
  <properties/>
  <testcase name="givenFirstName_WhenFirstNameHaveLessThanThreeLetter_ShouldReturn_False()" classname="com.bridgelabz.UserRegistrationTest" time="0.037"/>
  <system-out><![CDATA[]]></system-out>
  <system-err><![CDATA[]]></system-err>
</testsuite>
